\BOOKMARK [0][-]{chapter.1}{Introduction}{}% 1
\BOOKMARK [0][-]{chapter.2}{Supervised learning}{}% 2
\BOOKMARK [1][-]{subsection.2.0.1}{Client requirements}{chapter.2}% 3
\BOOKMARK [2][-]{subsection.2.0.2}{Crawling training data}{subsection.2.0.1}% 4
\BOOKMARK [2][-]{subsection.2.0.3}{Tests with Rapidminer}{subsection.2.0.1}% 5
\BOOKMARK [3][-]{section*.3}{Feature vector creation}{subsection.2.0.3}% 6
\BOOKMARK [3][-]{section*.5}{Number of features}{subsection.2.0.3}% 7
\BOOKMARK [3][-]{section*.6}{K nearest neighbours}{subsection.2.0.3}% 8
\BOOKMARK [3][-]{section*.7}{Face to face accuracy}{subsection.2.0.3}% 9
\BOOKMARK [3][-]{section*.9}{Entertainment into subcategories}{subsection.2.0.3}% 10
\BOOKMARK [3][-]{section*.10}{The Other category}{subsection.2.0.3}% 11
\BOOKMARK [2][-]{subsection.2.0.4}{Implementation in the Framework}{subsection.2.0.1}% 12
\BOOKMARK [3][-]{section*.12}{The Maximum Entropy}{subsection.2.0.4}% 13
\BOOKMARK [3][-]{section*.13}{MaxEnt Algorithm}{subsection.2.0.4}% 14
\BOOKMARK [3][-]{section*.14}{Feature selection}{subsection.2.0.4}% 15
\BOOKMARK [3][-]{section*.15}{Performance}{subsection.2.0.4}% 16
\BOOKMARK [0][-]{chapter.3}{Language drawbacks}{}% 17
\BOOKMARK [1][-]{section.3.1}{Language Identification}{chapter.3}% 18
\BOOKMARK [2][-]{subsection.3.1.1}{Modeling techniques}{section.3.1}% 19
\BOOKMARK [2][-]{subsection.3.1.2}{Classification techniques}{section.3.1}% 20
\BOOKMARK [2][-]{subsection.3.1.3}{Application}{section.3.1}% 21
\BOOKMARK [0][-]{chapter.4}{Further issues}{}% 22
\BOOKMARK [0][-]{chapter.5}{Conclusions}{}% 23
\BOOKMARK [0][-]{chapter.6}{Annex: Diary }{}% 24
